<?xml version="1.0" encoding="UTF-8"?>
<!-- Generated by org.testng.reporters.JUnitXMLReporter -->
<testsuite ignored="0" hostname="Akshay" failures="1" tests="1" name="loginWithCorrect" time="4.452" errors="0" timestamp="2024-12-09T22:50:44 IST">
  <testcase classname="framework.testCases.TCSignInWithValid02" name="signInWithCorrect" time="1.304">
    <failure type="org.testng.internal.reflect.MethodMatcherException" message="
[public void framework.testCases.TCSignInWithValid02.signInWithCorrect(java.lang.String,java.lang.String)] has no parameters defined but was found to be using a data provider (either explicitly specified or inherited from class level annotation).
Data provider mismatch
Method: signInWithCorrect([java.lang.String arg0, java.lang.String arg1])
Arguments: [(java.lang.String) ak617@gmail.com,(java.lang.String) Heoo12334,(java.lang.String) ,(java.lang.String) ,(java.lang.String) ]">
      <![CDATA[org.testng.internal.reflect.MethodMatcherException: 
[public void framework.testCases.TCSignInWithValid02.signInWithCorrect(java.lang.String,java.lang.String)] has no parameters defined but was found to be using a data provider (either explicitly specified or inherited from class level annotation).
Data provider mismatch
Method: signInWithCorrect([java.lang.String arg0, java.lang.String arg1])
Arguments: [(java.lang.String) ak617@gmail.com,(java.lang.String) Heoo12334,(java.lang.String) ,(java.lang.String) ,(java.lang.String) ]
at java.base/java.util.ArrayList.forEach(ArrayList.java:1511)
... Removed 22 stack frames]]>
    </failure>
  </testcase> <!-- signInWithCorrect -->
</testsuite> <!-- loginWithCorrect -->
