<?xml version="1.0" encoding="UTF-8"?>
<!-- Generated by org.testng.reporters.JUnitXMLReporter -->
<testsuite ignored="0" hostname="Akshay" failures="1" tests="1" name="Test1" time="5.098" errors="0" timestamp="2024-12-08T20:32:17 IST">
  <testcase classname="framework.testCases.TC_01_CreateAccount" name="CreateAccount" time="1.341">
    <failure type="org.testng.internal.reflect.MethodMatcherException" message="
[public void framework.testCases.TC_01_CreateAccount.CreateAccount(java.lang.String,java.lang.String,java.lang.String,java.lang.String,java.lang.String)] has no parameters defined but was found to be using a data provider (either explicitly specified or inherited from class level annotation).
Data provider mismatch
Method: CreateAccount([java.lang.String arg0, java.lang.String arg1, java.lang.String arg2, java.lang.String arg3, java.lang.String arg4])
Arguments: [(java.util.HashMap) {Email=ak512@gmail.com, FirstName=Akshay, LastName=Metakari, Password=Heoo12334, ConfirmPassword=Heoo12334}]">
      <![CDATA[org.testng.internal.reflect.MethodMatcherException: 
[public void framework.testCases.TC_01_CreateAccount.CreateAccount(java.lang.String,java.lang.String,java.lang.String,java.lang.String,java.lang.String)] has no parameters defined but was found to be using a data provider (either explicitly specified or inherited from class level annotation).
Data provider mismatch
Method: CreateAccount([java.lang.String arg0, java.lang.String arg1, java.lang.String arg2, java.lang.String arg3, java.lang.String arg4])
Arguments: [(java.util.HashMap) {Email=ak512@gmail.com, FirstName=Akshay, LastName=Metakari, Password=Heoo12334, ConfirmPassword=Heoo12334}]
at java.base/java.util.ArrayList.forEach(ArrayList.java:1511)
... Removed 22 stack frames]]>
    </failure>
  </testcase> <!-- CreateAccount -->
</testsuite> <!-- Test1 -->
